22:48:46,068 INFO  [org.jboss.as.connector.deployment] (MSC service thread 1-1) JBAS010410: Unbound JCA ConnectionFactory [java:/JmsXA]
22:48:46,068 INFO  [org.apache.catalina.core] (MSC service thread 1-3) JBWEB001079: Container org.apache.catalina.core.ContainerBase.[jboss.web].[default-host].[/] has not been started
22:48:46,068 INFO  [org.jboss.as.connector.subsystems.datasources] (MSC service thread 1-13) JBAS010409: Unbound data source [java:jboss/datasources/ExampleDS]
22:48:46,069 INFO  [org.apache.coyote.http11.Http11Protocol] (MSC service thread 1-9) JBWEB003075: Coyote HTTP/1.1 pausing on: http-localhost/127.0.0.1:8080
22:48:46,069 INFO  [org.apache.coyote.http11.Http11Protocol] (MSC service thread 1-9) JBWEB003077: Coyote HTTP/1.1 stopping on : http-localhost/127.0.0.1:8080
22:48:46,069 INFO  [org.jboss.jaxr] (MSC service thread 1-12) JBAS014002: UnBinding JAXR ConnectionFactory: java:jboss/jaxr/ConnectionFactory
22:48:46,070 INFO  [org.jboss.as.messaging] (ServerService Thread Pool -- 62) JBAS011605: Unbound messaging object to jndi name java:/ConnectionFactory
22:48:46,072 INFO  [org.jboss.as.messaging] (ServerService Thread Pool -- 65) JBAS011605: Unbound messaging object to jndi name java:/jms/queue/ExpiryQueue
22:48:46,074 INFO  [org.jboss.as.messaging] (ServerService Thread Pool -- 63) JBAS011605: Unbound messaging object to jndi name java:jboss/exported/jms/RemoteConnectionFactory
22:48:46,087 INFO  [org.hornetq.ra] (ServerService Thread Pool -- 66) HQ151003: HornetQ resource adaptor stopped
22:48:46,099 INFO  [org.hornetq.core.server] (ServerService Thread Pool -- 66) HQ221002: HornetQ Server version 2.3.20.Final (2.3.20, 123) [b486b6c9-c058-11e4-8b58-a1242e90b955] stopped
22:48:46,104 INFO  [org.jboss.as] (MSC service thread 1-8) JBAS015950: JBoss EAP 6.3.0.GA (AS 7.4.0.Final-redhat-19) stopped in 26ms
22:53:37,034 INFO  [org.jboss.modules] (main) JBoss Modules version 1.3.3.Final-redhat-1
22:53:37,350 INFO  [org.jboss.msc] (main) JBoss MSC version 1.1.5.Final-redhat-1
22:53:37,496 INFO  [org.jboss.as] (MSC service thread 1-6) JBAS015899: JBoss EAP 6.3.0.GA (AS 7.4.0.Final-redhat-19) starting
22:53:37,507 DEBUG [org.jboss.as.config] (MSC service thread 1-6) Configured system properties:
	[Standalone] = 
	awt.toolkit = sun.lwawt.macosx.LWCToolkit
	file.encoding = UTF-8
	file.encoding.pkg = sun.io
	file.separator = /
	ftp.nonProxyHosts = local|*.local|169.254/16|*.169.254/16
	gopherProxySet = false
	http.nonProxyHosts = local|*.local|169.254/16|*.169.254/16
	java.awt.graphicsenv = sun.awt.CGraphicsEnvironment
	java.awt.headless = true
	java.awt.printerjob = sun.lwawt.macosx.CPrinterJob
	java.class.path = /opt/jboss/jboss-eap-6.3/jboss-modules.jar
	java.class.version = 51.0
	java.endorsed.dirs = /Library/Java/JavaVirtualMachines/jdk1.7.0_71.jdk/Contents/Home/jre/lib/endorsed
	java.ext.dirs = /Users/Marc/Library/Java/Extensions:/Library/Java/JavaVirtualMachines/jdk1.7.0_71.jdk/Contents/Home/jre/lib/ext:/Library/Java/Extensions:/Network/Library/Java/Extensions:/System/Library/Java/Extensions:/usr/lib/java
	java.home = /Library/Java/JavaVirtualMachines/jdk1.7.0_71.jdk/Contents/Home/jre
	java.io.tmpdir = /var/folders/7p/2p23wcq95536cg5nm7wsmcd00000gn/T/
	java.library.path = /Users/Marc/Library/Java/Extensions:/Library/Java/Extensions:/Network/Library/Java/Extensions:/System/Library/Java/Extensions:/usr/lib/java:.
	java.net.preferIPv4Stack = true
	java.runtime.name = Java(TM) SE Runtime Environment
	java.runtime.version = 1.7.0_71-b14
	java.specification.name = Java Platform API Specification
	java.specification.vendor = Oracle Corporation
	java.specification.version = 1.7
	java.util.logging.manager = org.jboss.logmanager.LogManager
	java.vendor = Oracle Corporation
	java.vendor.url = http://java.oracle.com/
	java.vendor.url.bug = http://bugreport.sun.com/bugreport/
	java.version = 1.7.0_71
	java.vm.info = mixed mode
	java.vm.name = Java HotSpot(TM) 64-Bit Server VM
	java.vm.specification.name = Java Virtual Machine Specification
	java.vm.specification.vendor = Oracle Corporation
	java.vm.specification.version = 1.7
	java.vm.vendor = Oracle Corporation
	java.vm.version = 24.71-b01
	javax.management.builder.initial = org.jboss.as.jmx.PluggableMBeanServerBuilder
	javax.xml.datatype.DatatypeFactory = __redirected.__DatatypeFactory
	javax.xml.parsers.DocumentBuilderFactory = __redirected.__DocumentBuilderFactory
	javax.xml.parsers.SAXParserFactory = __redirected.__SAXParserFactory
	javax.xml.stream.XMLEventFactory = __redirected.__XMLEventFactory
	javax.xml.stream.XMLInputFactory = __redirected.__XMLInputFactory
	javax.xml.stream.XMLOutputFactory = __redirected.__XMLOutputFactory
	javax.xml.transform.TransformerFactory = __redirected.__TransformerFactory
	javax.xml.validation.SchemaFactory:http://www.w3.org/2001/XMLSchema = __redirected.__SchemaFactory
	javax.xml.xpath.XPathFactory:http://java.sun.com/jaxp/xpath/dom = __redirected.__XPathFactory
	jboss.home.dir = /opt/jboss/jboss-eap-6.3
	jboss.host.name = redbook
	jboss.modules.dir = /opt/jboss/jboss-eap-6.3/modules
	jboss.modules.policy-permissions = true
	jboss.modules.system.pkgs = org.jboss.byteman
	jboss.node.name = redbook
	jboss.qualified.host.name = redbook.fritz.box
	jboss.server.base.dir = /opt/jboss/jboss-eap-6.3/standalone
	jboss.server.config.dir = /opt/jboss/jboss-eap-6.3/standalone/configuration
	jboss.server.data.dir = /opt/jboss/jboss-eap-6.3/standalone/data
	jboss.server.deploy.dir = /opt/jboss/jboss-eap-6.3/standalone/data/content
	jboss.server.log.dir = /opt/jboss/jboss-eap-6.3/standalone/log
	jboss.server.name = redbook
	jboss.server.persist.config = true
	jboss.server.temp.dir = /opt/jboss/jboss-eap-6.3/standalone/tmp
	line.separator = 

	logging.configuration = file:/opt/jboss/jboss-eap-6.3/standalone/configuration/logging.properties
	module.path = /opt/jboss/jboss-eap-6.3/modules
	org.jboss.boot.log.file = /opt/jboss/jboss-eap-6.3/standalone/log/server.log
	org.jboss.resolver.warning = true
	org.xml.sax.driver = __redirected.__XMLReaderFactory
	os.arch = x86_64
	os.name = Mac OS X
	os.version = 10.10.2
	path.separator = :
	socksNonProxyHosts = local|*.local|169.254/16|*.169.254/16
	sun.arch.data.model = 64
	sun.boot.class.path = /Library/Java/JavaVirtualMachines/jdk1.7.0_71.jdk/Contents/Home/jre/lib/resources.jar:/Library/Java/JavaVirtualMachines/jdk1.7.0_71.jdk/Contents/Home/jre/lib/rt.jar:/Library/Java/JavaVirtualMachines/jdk1.7.0_71.jdk/Contents/Home/jre/lib/sunrsasign.jar:/Library/Java/JavaVirtualMachines/jdk1.7.0_71.jdk/Contents/Home/jre/lib/jsse.jar:/Library/Java/JavaVirtualMachines/jdk1.7.0_71.jdk/Contents/Home/jre/lib/jce.jar:/Library/Java/JavaVirtualMachines/jdk1.7.0_71.jdk/Contents/Home/jre/lib/charsets.jar:/Library/Java/JavaVirtualMachines/jdk1.7.0_71.jdk/Contents/Home/jre/lib/jfr.jar:/Library/Java/JavaVirtualMachines/jdk1.7.0_71.jdk/Contents/Home/jre/classes
	sun.boot.library.path = /Library/Java/JavaVirtualMachines/jdk1.7.0_71.jdk/Contents/Home/jre/lib
	sun.cpu.endian = little
	sun.cpu.isalist = 
	sun.io.unicode.encoding = UnicodeBig
	sun.java.command = /opt/jboss/jboss-eap-6.3/jboss-modules.jar -mp /opt/jboss/jboss-eap-6.3/modules -jaxpmodule javax.xml.jaxp-provider org.jboss.as.standalone -Djboss.home.dir=/opt/jboss/jboss-eap-6.3 -Djboss.server.base.dir=/opt/jboss/jboss-eap-6.3/standalone -c standalone-full.xml
	sun.java.launcher = SUN_STANDARD
	sun.jnu.encoding = UTF-8
	sun.management.compiler = HotSpot 64-Bit Tiered Compilers
	sun.os.patch.level = unknown
	user.country = US
	user.country.format = DE
	user.dir = /opt/jboss/jboss-eap-6.3/bin
	user.home = /Users/Marc
	user.language = en
	user.name = Marc
	user.timezone = Europe/Berlin
22:53:37,510 DEBUG [org.jboss.as.config] (MSC service thread 1-6) VM Arguments: -D[Standalone] -XX:+UseCompressedOops -verbose:gc -Xloggc:/opt/jboss/jboss-eap-6.3/standalone/log/gc.log -XX:+PrintGCDetails -XX:+PrintGCDateStamps -XX:+UseGCLogFileRotation -XX:NumberOfGCLogFiles=5 -XX:GCLogFileSize=3M -XX:-TraceClassUnloading -Xms1303m -Xmx1303m -XX:MaxPermSize=256m -Djava.net.preferIPv4Stack=true -Djboss.modules.system.pkgs=org.jboss.byteman -Djava.awt.headless=true -Djboss.modules.policy-permissions=true -Dorg.jboss.boot.log.file=/opt/jboss/jboss-eap-6.3/standalone/log/server.log -Dlogging.configuration=file:/opt/jboss/jboss-eap-6.3/standalone/configuration/logging.properties 
22:53:38,886 INFO  [org.xnio] (MSC service thread 1-3) XNIO Version 3.0.10.GA-redhat-1
22:53:38,887 INFO  [org.jboss.as.server] (Controller Boot Thread) JBAS015888: Creating http management service using socket-binding (management-http)
22:53:38,894 INFO  [org.xnio.nio] (MSC service thread 1-3) XNIO NIO Implementation Version 3.0.10.GA-redhat-1
22:53:38,922 INFO  [org.jboss.remoting] (MSC service thread 1-3) JBoss Remoting version (unknown)
22:53:38,947 WARN  [org.jboss.as.txn] (ServerService Thread Pool -- 54) JBAS010153: Node identifier property is set to the default value. Please make sure it is unique.
22:53:38,953 INFO  [org.jboss.as.clustering.infinispan] (ServerService Thread Pool -- 35) JBAS010280: Activating Infinispan subsystem.
22:53:38,962 INFO  [org.jboss.as.security] (ServerService Thread Pool -- 52) JBAS013171: Activating Security Subsystem
22:53:38,979 INFO  [org.jboss.as.naming] (ServerService Thread Pool -- 47) JBAS011800: Activating Naming Subsystem
22:53:38,985 INFO  [org.jboss.as.jsf] (ServerService Thread Pool -- 43) JBAS012605: Activated the following JSF Implementations: [main, 1.2]
22:53:38,990 INFO  [org.jboss.as.security] (MSC service thread 1-13) JBAS013170: Current PicketBox version=4.0.19.SP8-redhat-1
22:53:39,020 INFO  [org.jboss.as.jacorb] (ServerService Thread Pool -- 36) JBAS016300: Activating JacORB Subsystem
22:53:39,060 INFO  [org.jboss.as.webservices] (ServerService Thread Pool -- 56) JBAS015537: Activating WebServices Extension
22:53:39,101 INFO  [org.jboss.as.connector.logging] (MSC service thread 1-10) JBAS010408: Starting JCA Subsystem (IronJacamar 1.0.26.Final-redhat-1)
22:53:39,155 INFO  [org.jboss.as.naming] (MSC service thread 1-6) JBAS011802: Starting Naming Service
22:53:39,156 INFO  [org.jboss.as.mail.extension] (MSC service thread 1-10) JBAS015400: Bound mail session [java:jboss/mail/Default]
22:53:39,188 INFO  [org.jboss.jaxr] (MSC service thread 1-15) JBAS014000: Started JAXR subsystem, binding JAXR connection factory into JNDI as: java:jboss/jaxr/ConnectionFactory
22:53:39,215 INFO  [org.jboss.as.connector.subsystems.datasources] (ServerService Thread Pool -- 31) JBAS010403: Deploying JDBC-compliant driver class org.h2.Driver (version 1.3)
22:53:39,653 INFO  [org.apache.coyote.http11.Http11Protocol] (MSC service thread 1-5) JBWEB003001: Coyote HTTP/1.1 initializing on : http-/127.0.0.1:8080
22:53:39,665 INFO  [org.apache.coyote.http11.Http11Protocol] (MSC service thread 1-5) JBWEB003000: Coyote HTTP/1.1 starting on: http-/127.0.0.1:8080
22:53:39,692 INFO  [org.jboss.as.jacorb] (MSC service thread 1-12) JBAS016330: CORBA ORB Service started
22:53:39,876 INFO  [org.jboss.as.jacorb] (MSC service thread 1-12) JBAS016328: CORBA Naming Service started
22:53:39,892 INFO  [org.jboss.ws.common.management] (MSC service thread 1-13) JBWS022052: Starting JBoss Web Services - Stack CXF Server 4.3.0.Final-redhat-3
22:53:39,894 INFO  [org.jboss.as.connector.subsystems.datasources] (MSC service thread 1-1) JBAS010400: Bound data source [java:jboss/datasources/ExampleDS]
22:53:39,936 INFO  [org.hornetq.core.server] (ServerService Thread Pool -- 58) HQ221000: live server is starting with configuration HornetQ Configuration (clustered=false,backup=false,sharedStore=true,journalDirectory=/opt/jboss/jboss-eap-6.3/standalone/data/messagingjournal,bindingsDirectory=/opt/jboss/jboss-eap-6.3/standalone/data/messagingbindings,largeMessagesDirectory=/opt/jboss/jboss-eap-6.3/standalone/data/messaginglargemessages,pagingDirectory=/opt/jboss/jboss-eap-6.3/standalone/data/messagingpaging)
22:53:39,938 INFO  [org.hornetq.core.server] (ServerService Thread Pool -- 58) HQ221006: Waiting to obtain live lock
22:53:39,970 INFO  [org.hornetq.core.server] (ServerService Thread Pool -- 58) HQ221013: Using NIO Journal
22:53:40,015 INFO  [org.jboss.as.server.deployment.scanner] (MSC service thread 1-15) JBAS015012: Started FileSystemDeploymentService for directory /opt/jboss/jboss-eap-6.3/standalone/deployments
22:53:40,039 INFO  [org.jboss.as.remoting] (MSC service thread 1-14) JBAS017100: Listening on 127.0.0.1:4447
22:53:40,041 INFO  [org.jboss.as.remoting] (MSC service thread 1-12) JBAS017100: Listening on 127.0.0.1:9999
22:53:40,063 INFO  [org.hornetq.core.server] (ServerService Thread Pool -- 58) HQ221034: Waiting to obtain live lock
22:53:40,064 INFO  [org.hornetq.core.server] (ServerService Thread Pool -- 58) HQ221035: Live Server Obtained live lock
22:53:40,576 INFO  [org.hornetq.core.server] (ServerService Thread Pool -- 58) HQ221020: Started Netty Acceptor version 3.6.9.Final-redhat-1-4cc400c 127.0.0.1:5455 for CORE protocol
22:53:40,578 INFO  [org.hornetq.core.server] (ServerService Thread Pool -- 58) HQ221020: Started Netty Acceptor version 3.6.9.Final-redhat-1-4cc400c 127.0.0.1:5445 for CORE protocol
22:53:40,580 INFO  [org.hornetq.core.server] (ServerService Thread Pool -- 58) HQ221007: Server is now live
22:53:40,580 INFO  [org.hornetq.core.server] (ServerService Thread Pool -- 58) HQ221001: HornetQ Server version 2.3.20.Final (2.3.20, 123) [b486b6c9-c058-11e4-8b58-a1242e90b955] 
22:53:40,604 INFO  [org.jboss.as.messaging] (ServerService Thread Pool -- 58) JBAS011601: Bound messaging object to jndi name java:/ConnectionFactory
22:53:40,606 INFO  [org.hornetq.core.server] (ServerService Thread Pool -- 60) HQ221003: trying to deploy queue jms.queue.DLQ
22:53:40,613 INFO  [org.jboss.as.messaging] (ServerService Thread Pool -- 60) JBAS011601: Bound messaging object to jndi name java:/jms/queue/DLQ
22:53:40,614 INFO  [org.hornetq.core.server] (ServerService Thread Pool -- 61) HQ221003: trying to deploy queue jms.queue.ExpiryQueue
22:53:40,615 INFO  [org.jboss.as.messaging] (ServerService Thread Pool -- 61) JBAS011601: Bound messaging object to jndi name java:/jms/queue/ExpiryQueue
22:53:40,616 INFO  [org.jboss.as.messaging] (ServerService Thread Pool -- 59) JBAS011601: Bound messaging object to jndi name java:jboss/exported/jms/RemoteConnectionFactory
22:53:40,665 INFO  [org.jboss.as.connector.deployment] (MSC service thread 1-16) JBAS010406: Registered connection factory java:/JmsXA
22:53:40,703 INFO  [org.hornetq.ra] (MSC service thread 1-16) HornetQ resource adaptor started
22:53:40,703 INFO  [org.jboss.as.connector.services.resourceadapters.ResourceAdapterActivatorService$ResourceAdapterActivator] (MSC service thread 1-16) IJ020002: Deployed: file://RaActivatorhornetq-ra
22:53:40,705 INFO  [org.jboss.as.connector.deployment] (MSC service thread 1-4) JBAS010401: Bound JCA ConnectionFactory [java:/JmsXA]
22:53:40,740 INFO  [org.jboss.as] (Controller Boot Thread) JBAS015961: Http management interface listening on http://127.0.0.1:9990/management
22:53:40,740 INFO  [org.jboss.as] (Controller Boot Thread) JBAS015951: Admin console listening on http://127.0.0.1:9990
22:53:40,741 INFO  [org.jboss.as] (Controller Boot Thread) JBAS015874: JBoss EAP 6.3.0.GA (AS 7.4.0.Final-redhat-19) started in 4218ms - Started 190 of 227 services (67 services are lazy, passive or on-demand)
22:54:05,088 INFO  [org.jboss.as.server.deployment] (MSC service thread 1-1) JBAS015876: Starting deployment of "forge-rest-service.war" (runtime-name: "forge-rest-service.war")
22:54:07,761 WARN  [org.jboss.as.server.deployment] (MSC service thread 1-16) JBAS015960: Class Path entry lib/jgraph.jar in /content/forge-rest-service.war/WEB-INF/lib/jgrapht-0.8.3.jar  does not point to a valid jar for a Class-Path reference.
22:54:13,592 INFO  [org.jboss.weld.deployer] (MSC service thread 1-7) JBAS016002: Processing weld deployment forge-rest-service.war
22:54:13,676 INFO  [org.jboss.weld.deployer] (MSC service thread 1-1) JBAS016005: Starting Services for CDI deployment: forge-rest-service.war
22:54:13,750 INFO  [org.jboss.weld.Version] (MSC service thread 1-1) WELD-000900 1.1.23 (redhat)
22:54:13,781 INFO  [org.jboss.weld.deployer] (MSC service thread 1-15) JBAS016008: Starting weld service for deployment forge-rest-service.war
22:54:14,171 INFO  [org.jboss.weld.ClassLoading] (MSC service thread 1-8) WELD-000119 Not generating any bean definitions from org.jboss.windup.config.query.Query$3 because of underlying class loading error
22:54:14,183 INFO  [org.jboss.weld.ClassLoading] (MSC service thread 1-8) WELD-000119 Not generating any bean definitions from org.jboss.windup.config.phase.DiscoverProjectStructure because of underlying class loading error
22:54:14,184 INFO  [org.jboss.weld.ClassLoading] (MSC service thread 1-8) WELD-000119 Not generating any bean definitions from org.jboss.windup.config.phase.ReportGeneration because of underlying class loading error
22:54:14,185 INFO  [org.jboss.weld.ClassLoading] (MSC service thread 1-8) WELD-000119 Not generating any bean definitions from org.jboss.windup.config.phase.PreReportGeneration because of underlying class loading error
22:54:14,189 INFO  [org.jboss.weld.ClassLoading] (MSC service thread 1-8) WELD-000119 Not generating any bean definitions from org.jboss.windup.config.phase.ClassifyFileTypes because of underlying class loading error
22:54:14,193 INFO  [org.jboss.weld.ClassLoading] (MSC service thread 1-8) WELD-000119 Not generating any bean definitions from org.jboss.windup.config.operation.IterationProgress because of underlying class loading error
22:54:14,193 INFO  [org.jboss.weld.ClassLoading] (MSC service thread 1-8) WELD-000119 Not generating any bean definitions from org.jboss.windup.config.operation.ruleelement.AbstractIterationOperation because of underlying class loading error
22:54:14,196 INFO  [org.jboss.weld.ClassLoading] (MSC service thread 1-8) WELD-000119 Not generating any bean definitions from org.jboss.windup.config.phase.PostMigrationRules because of underlying class loading error
22:54:14,197 INFO  [org.jboss.weld.ClassLoading] (MSC service thread 1-8) WELD-000119 Not generating any bean definitions from org.jboss.windup.config.phase.InitialAnalysis because of underlying class loading error
22:54:14,202 INFO  [org.jboss.weld.ClassLoading] (MSC service thread 1-8) WELD-000119 Not generating any bean definitions from org.jboss.windup.config.query.Query because of underlying class loading error
22:54:14,205 INFO  [org.jboss.weld.ClassLoading] (MSC service thread 1-8) WELD-000119 Not generating any bean definitions from org.jboss.windup.config.operation.Iteration because of underlying class loading error
22:54:14,209 INFO  [org.jboss.weld.ClassLoading] (MSC service thread 1-8) WELD-000119 Not generating any bean definitions from org.jboss.windup.config.phase.PostReportGeneration because of underlying class loading error
22:54:14,210 INFO  [org.jboss.weld.ClassLoading] (MSC service thread 1-8) WELD-000119 Not generating any bean definitions from org.jboss.windup.config.builder.WindupRuleProviderBuilder because of underlying class loading error
22:54:14,212 INFO  [org.jboss.weld.ClassLoading] (MSC service thread 1-8) WELD-000119 Not generating any bean definitions from org.jboss.windup.config.condition.NoopEvaluationStrategy because of underlying class loading error
22:54:14,223 INFO  [org.jboss.weld.ClassLoading] (MSC service thread 1-8) WELD-000119 Not generating any bean definitions from org.jboss.windup.config.condition.EvaluationStrategy because of underlying class loading error
22:54:14,225 INFO  [org.jboss.weld.ClassLoading] (MSC service thread 1-8) WELD-000119 Not generating any bean definitions from org.jboss.windup.config.parameters.ParameterizedGraphCondition because of underlying class loading error
22:54:14,226 INFO  [org.jboss.weld.ClassLoading] (MSC service thread 1-8) WELD-000119 Not generating any bean definitions from org.jboss.windup.config.RuleSubset because of underlying class loading error
22:54:14,227 INFO  [org.jboss.weld.ClassLoading] (MSC service thread 1-8) WELD-000119 Not generating any bean definitions from org.jboss.windup.config.phase.RulePhase because of underlying class loading error
22:54:14,228 INFO  [org.jboss.weld.ClassLoading] (MSC service thread 1-8) WELD-000119 Not generating any bean definitions from org.jboss.windup.config.loader.WindupRuleLoader because of underlying class loading error
22:54:14,229 INFO  [org.jboss.weld.ClassLoading] (MSC service thread 1-8) WELD-000119 Not generating any bean definitions from org.jboss.windup.config.parameters.ParameterizedIterationOperation because of underlying class loading error
22:54:14,232 INFO  [org.jboss.weld.ClassLoading] (MSC service thread 1-8) WELD-000119 Not generating any bean definitions from org.jboss.windup.config.phase.Finalize because of underlying class loading error
22:54:14,233 INFO  [org.jboss.weld.ClassLoading] (MSC service thread 1-8) WELD-000119 Not generating any bean definitions from org.jboss.windup.config.operation.iteration.TypedNamedIterationPayloadManager because of underlying class loading error
22:54:14,235 INFO  [org.jboss.weld.ClassLoading] (MSC service thread 1-8) WELD-000119 Not generating any bean definitions from org.jboss.windup.config.phase.MigrationRules because of underlying class loading error
22:54:14,236 INFO  [org.jboss.weld.ClassLoading] (MSC service thread 1-8) WELD-000119 Not generating any bean definitions from org.jboss.windup.config.phase.Initialization because of underlying class loading error
22:54:14,237 INFO  [org.jboss.weld.ClassLoading] (MSC service thread 1-8) WELD-000119 Not generating any bean definitions from org.jboss.windup.config.operation.iteration.IterationPayloadManager because of underlying class loading error
22:54:14,239 INFO  [org.jboss.weld.ClassLoading] (MSC service thread 1-8) WELD-000119 Not generating any bean definitions from org.jboss.windup.config.GraphRewrite because of underlying class loading error
22:54:14,239 INFO  [org.jboss.weld.ClassLoading] (MSC service thread 1-8) WELD-000119 Not generating any bean definitions from org.jboss.windup.config.IteratingRuleProvider because of underlying class loading error
22:54:14,241 INFO  [org.jboss.weld.ClassLoading] (MSC service thread 1-8) WELD-000119 Not generating any bean definitions from org.jboss.windup.config.phase.ArchiveExtraction because of underlying class loading error
22:54:14,243 INFO  [org.jboss.weld.ClassLoading] (MSC service thread 1-8) WELD-000119 Not generating any bean definitions from org.jboss.windup.config.phase.Decompilation because of underlying class loading error
22:54:14,249 INFO  [org.jboss.weld.ClassLoading] (MSC service thread 1-8) WELD-000119 Not generating any bean definitions from org.jboss.windup.config.phase.PostReportRendering because of underlying class loading error
22:54:14,254 INFO  [org.jboss.weld.ClassLoading] (MSC service thread 1-8) WELD-000119 Not generating any bean definitions from org.jboss.windup.config.phase.ArchiveMetadataExtraction because of underlying class loading error
22:54:14,255 INFO  [org.jboss.weld.ClassLoading] (MSC service thread 1-8) WELD-000119 Not generating any bean definitions from org.jboss.windup.config.Variables because of underlying class loading error
22:54:14,256 INFO  [org.jboss.weld.ClassLoading] (MSC service thread 1-8) WELD-000119 Not generating any bean definitions from org.jboss.windup.config.phase.Discovery because of underlying class loading error
22:54:14,259 INFO  [org.jboss.weld.ClassLoading] (MSC service thread 1-8) WELD-000119 Not generating any bean definitions from org.jboss.windup.config.operation.ruleelement.AbstractIterationFilter because of underlying class loading error
22:54:14,262 INFO  [org.jboss.weld.ClassLoading] (MSC service thread 1-8) WELD-000119 Not generating any bean definitions from org.jboss.windup.config.phase.Implicit because of underlying class loading error
22:54:14,264 INFO  [org.jboss.weld.ClassLoading] (MSC service thread 1-8) WELD-000119 Not generating any bean definitions from org.jboss.windup.config.loader.WindupRuleProviderLoader because of underlying class loading error
22:54:14,265 INFO  [org.jboss.weld.ClassLoading] (MSC service thread 1-8) WELD-000119 Not generating any bean definitions from org.jboss.windup.config.phase.ReportRendering because of underlying class loading error
22:54:14,265 INFO  [org.jboss.weld.ClassLoading] (MSC service thread 1-8) WELD-000119 Not generating any bean definitions from org.jboss.windup.config.phase.PostFinalize because of underlying class loading error
22:54:14,267 INFO  [org.jboss.weld.ClassLoading] (MSC service thread 1-8) WELD-000119 Not generating any bean definitions from org.jboss.windup.config.graph.TypeOperation because of underlying class loading error
22:54:14,268 INFO  [org.jboss.weld.ClassLoading] (MSC service thread 1-8) WELD-000119 Not generating any bean definitions from org.jboss.windup.config.operation.iteration.NamedIterationPayloadManager because of underlying class loading error
22:54:14,513 INFO  [org.jboss.weld.ClassLoading] (MSC service thread 1-8) WELD-000119 Not generating any bean definitions from org.jboss.windup.exec.configuration.WindupConfiguration because of underlying class loading error
22:54:14,724 ERROR [org.jboss.msc.service.fail] (MSC service thread 1-8) MSC000001: Failed to start service jboss.deployment.unit."forge-rest-service.war".WeldStartService: org.jboss.msc.service.StartException in service jboss.deployment.unit."forge-rest-service.war".WeldStartService: Failed to start service
	at org.jboss.msc.service.ServiceControllerImpl$StartTask.run(ServiceControllerImpl.java:1936) [jboss-msc-1.1.5.Final-redhat-1.jar:1.1.5.Final-redhat-1]
	at java.util.concurrent.ThreadPoolExecutor.runWorker(ThreadPoolExecutor.java:1145) [rt.jar:1.7.0_71]
	at java.util.concurrent.ThreadPoolExecutor$Worker.run(ThreadPoolExecutor.java:615) [rt.jar:1.7.0_71]
	at java.lang.Thread.run(Thread.java:745) [rt.jar:1.7.0_71]
Caused by: org.jboss.weld.exceptions.DeploymentException: WELD-001408 Unsatisfied dependencies for type [AddonRegistry] with qualifiers [@Default] at injection point [[parameter 3] of [method] public org.jboss.windup.config.furnace.FurnaceHolder.setFurnace(PostStartup, Furnace, AddonRegistry)]
	at org.jboss.weld.bootstrap.Validator.validateInjectionPoint(Validator.java:315)
	at org.jboss.weld.bootstrap.Validator.validateInjectionPoint(Validator.java:284)
	at org.jboss.weld.bootstrap.Validator.validateObserverMethods(Validator.java:560)
	at org.jboss.weld.bootstrap.Validator.validateDeployment(Validator.java:376)
	at org.jboss.weld.bootstrap.WeldBootstrap.validateBeans(WeldBootstrap.java:379)
	at org.jboss.as.weld.WeldStartService.start(WeldStartService.java:64)
	at org.jboss.msc.service.ServiceControllerImpl$StartTask.startService(ServiceControllerImpl.java:1980) [jboss-msc-1.1.5.Final-redhat-1.jar:1.1.5.Final-redhat-1]
	at org.jboss.msc.service.ServiceControllerImpl$StartTask.run(ServiceControllerImpl.java:1913) [jboss-msc-1.1.5.Final-redhat-1.jar:1.1.5.Final-redhat-1]
	... 3 more

22:54:14,734 ERROR [org.jboss.as.server] (DeploymentScanner-threads - 2) JBAS015870: Deploy of deployment "forge-rest-service.war" was rolled back with the following failure message: 
{"JBAS014671: Failed services" => {"jboss.deployment.unit.\"forge-rest-service.war\".WeldStartService" => "org.jboss.msc.service.StartException in service jboss.deployment.unit.\"forge-rest-service.war\".WeldStartService: Failed to start service
    Caused by: org.jboss.weld.exceptions.DeploymentException: WELD-001408 Unsatisfied dependencies for type [AddonRegistry] with qualifiers [@Default] at injection point [[parameter 3] of [method] public org.jboss.windup.config.furnace.FurnaceHolder.setFurnace(PostStartup, Furnace, AddonRegistry)]"}}
22:54:14,738 INFO  [org.jboss.weld.deployer] (MSC service thread 1-16) JBAS016009: Stopping weld service for deployment forge-rest-service.war
22:54:14,846 INFO  [org.jboss.as.server.deployment] (MSC service thread 1-2) JBAS015877: Stopped deployment forge-rest-service.war (runtime-name: forge-rest-service.war) in 113ms
22:54:14,852 INFO  [org.jboss.as.controller] (DeploymentScanner-threads - 2) JBAS014774: Service status report
JBAS014775:    New missing/unsatisfied dependencies:
      service jboss.deployment.unit."forge-rest-service.war".WeldBootstrapService (missing) dependents: [service jboss.web.deployment.default-host./forge-rest-service, service jboss.deployment.unit."forge-rest-service.war".component."javax.faces.webapp.FacetTag".WeldInstantiator, service jboss.deployment.unit."forge-rest-service.war".component."com.sun.faces.config.ConfigureListener".WeldInstantiator] 
      service jboss.deployment.unit."forge-rest-service.war".WeldStartService (missing) dependents: [service jboss.deployment.unit."forge-rest-service.war".component."org.jboss.as.weld.webtier.jsp.JspInitializationListener".WeldInstantiator, service jboss.deployment.unit."forge-rest-service.war".component."javax.faces.webapp.FacetTag".WeldInstantiator, service jboss.deployment.unit."forge-rest-service.war".component."org.apache.jasper.servlet.JspServlet".WeldInstantiator, service jboss.deployment.unit."forge-rest-service.war".component."org.apache.catalina.servlets.DefaultServlet".WeldInstantiator, JBAS014799: ... and 4 more ] 
      service jboss.deployment.unit."forge-rest-service.war".component."com.sun.faces.config.ConfigureListener".CREATE (missing) dependents: [service jboss.deployment.unit."forge-rest-service.war".component."com.sun.faces.config.ConfigureListener".START] 
      service jboss.deployment.unit."forge-rest-service.war".component."com.sun.faces.config.ConfigureListener".START (missing) dependents: [service jboss.deployment.unit."forge-rest-service.war".deploymentCompleteService, service jboss.web.deployment.default-host./forge-rest-service] 
      service jboss.deployment.unit."forge-rest-service.war".component."javax.faces.webapp.FacetTag".CREATE (missing) dependents: [service jboss.deployment.unit."forge-rest-service.war".component."javax.faces.webapp.FacetTag".START] 
      service jboss.deployment.unit."forge-rest-service.war".component."javax.faces.webapp.FacetTag".START (missing) dependents: [service jboss.deployment.unit."forge-rest-service.war".deploymentCompleteService, service jboss.web.deployment.default-host./forge-rest-service] 
      service jboss.deployment.unit."forge-rest-service.war".component."javax.faces.webapp.FacetTag".WeldInstantiator (missing) dependents: [service jboss.deployment.unit."forge-rest-service.war".component."javax.faces.webapp.FacetTag".START] 
      service jboss.deployment.unit."forge-rest-service.war".component."javax.servlet.jsp.jstl.tlv.PermittedTaglibsTLV".CREATE (missing) dependents: [service jboss.deployment.unit."forge-rest-service.war".component."javax.servlet.jsp.jstl.tlv.PermittedTaglibsTLV".START] 
      service jboss.deployment.unit."forge-rest-service.war".component."javax.servlet.jsp.jstl.tlv.PermittedTaglibsTLV".START (missing) dependents: [service jboss.deployment.unit."forge-rest-service.war".deploymentCompleteService, service jboss.web.deployment.default-host./forge-rest-service] 
      service jboss.deployment.unit."forge-rest-service.war".component."javax.servlet.jsp.jstl.tlv.PermittedTaglibsTLV".WeldInstantiator (missing) dependents: [service jboss.deployment.unit."forge-rest-service.war".component."javax.servlet.jsp.jstl.tlv.PermittedTaglibsTLV".START] 
      service jboss.deployment.unit."forge-rest-service.war".component."javax.servlet.jsp.jstl.tlv.ScriptFreeTLV".CREATE (missing) dependents: [service jboss.deployment.unit."forge-rest-service.war".component."javax.servlet.jsp.jstl.tlv.ScriptFreeTLV".START] 
      service jboss.deployment.unit."forge-rest-service.war".component."javax.servlet.jsp.jstl.tlv.ScriptFreeTLV".START (missing) dependents: [service jboss.deployment.unit."forge-rest-service.war".deploymentCompleteService, service jboss.web.deployment.default-host./forge-rest-service] 
      service jboss.deployment.unit."forge-rest-service.war".component."javax.servlet.jsp.jstl.tlv.ScriptFreeTLV".WeldInstantiator (missing) dependents: [service jboss.deployment.unit."forge-rest-service.war".component."javax.servlet.jsp.jstl.tlv.ScriptFreeTLV".START] 
      service jboss.deployment.unit."forge-rest-service.war".component."org.apache.catalina.servlets.DefaultServlet".CREATE (missing) dependents: [service jboss.deployment.unit."forge-rest-service.war".component."org.apache.catalina.servlets.DefaultServlet".START] 
      service jboss.deployment.unit."forge-rest-service.war".component."org.apache.catalina.servlets.DefaultServlet".START (missing) dependents: [service jboss.deployment.unit."forge-rest-service.war".deploymentCompleteService, service jboss.web.deployment.default-host./forge-rest-service] 
      service jboss.deployment.unit."forge-rest-service.war".component."org.apache.catalina.servlets.DefaultServlet".WeldInstantiator (missing) dependents: [service jboss.deployment.unit."forge-rest-service.war".component."org.apache.catalina.servlets.DefaultServlet".START] 
      service jboss.deployment.unit."forge-rest-service.war".component."org.apache.jasper.servlet.JspServlet".CREATE (missing) dependents: [service jboss.deployment.unit."forge-rest-service.war".component."org.apache.jasper.servlet.JspServlet".START] 
      service jboss.deployment.unit."forge-rest-service.war".component."org.apache.jasper.servlet.JspServlet".START (missing) dependents: [service jboss.deployment.unit."forge-rest-service.war".deploymentCompleteService, service jboss.web.deployment.default-host./forge-rest-service] 
      service jboss.deployment.unit."forge-rest-service.war".component."org.apache.jasper.servlet.JspServlet".WeldInstantiator (missing) dependents: [service jboss.deployment.unit."forge-rest-service.war".component."org.apache.jasper.servlet.JspServlet".START] 
      service jboss.deployment.unit."forge-rest-service.war".component."org.jboss.as.weld.webtier.jsp.JspInitializationListener".CREATE (missing) dependents: [service jboss.deployment.unit."forge-rest-service.war".component."org.jboss.as.weld.webtier.jsp.JspInitializationListener".START] 
      service jboss.deployment.unit."forge-rest-service.war".component."org.jboss.as.weld.webtier.jsp.JspInitializationListener".START (missing) dependents: [service jboss.deployment.unit."forge-rest-service.war".deploymentCompleteService, service jboss.web.deployment.default-host./forge-rest-service] 
      service jboss.deployment.unit."forge-rest-service.war".component."org.jboss.as.weld.webtier.jsp.JspInitializationListener".WeldInstantiator (missing) dependents: [service jboss.deployment.unit."forge-rest-service.war".component."org.jboss.as.weld.webtier.jsp.JspInitializationListener".START] 
      service jboss.deployment.unit."forge-rest-service.war".jndiDependencyService (missing) dependents: [service jboss.deployment.unit."forge-rest-service.war".component."javax.servlet.jsp.jstl.tlv.ScriptFreeTLV".START, service jboss.deployment.unit."forge-rest-service.war".component."org.jboss.as.weld.webtier.jsp.JspInitializationListener".START, service jboss.deployment.unit."forge-rest-service.war".component."javax.faces.webapp.FacetTag".START, service jboss.web.deployment.default-host./forge-rest-service, JBAS014799: ... and 2 more ] 
      service jboss.web.deployment.default-host./forge-rest-service (missing) dependents: [service jboss.deployment.unit."forge-rest-service.war".deploymentCompleteService] 
      service jboss.web.deployment.default-host./forge-rest-service.realm (missing) dependents: [service jboss.deployment.unit."forge-rest-service.war".deploymentCompleteService, service jboss.web.deployment.default-host./forge-rest-service] 
JBAS014777:   Services which failed to start:      service jboss.deployment.unit."forge-rest-service.war".WeldStartService

